<?xml version="1.0" encoding="UTF-8"?>
<testsuite xmlns:xsi="http://www.w3.org/2001/XMLSchema-instance" xsi:noNamespaceSchemaLocation="https://maven.apache.org/surefire/maven-surefire-plugin/xsd/surefire-test-report.xsd" version="3.0.2" name="runners.TestRunner" time="43.788" tests="6" errors="0" skipped="0" failures="1">
  <properties>
[...]
</properties>
  <testcase name="Example #1.1" classname="Exemplos" time="14.77">
    <system-out><![CDATA[
Esquema do Cenário: Realizar login na pagina RCremonez            &amp#27;[90m# features/Login.feature:13&amp#27;[0m
  &amp#27;[32mDado &amp#27;[0m&amp#27;[32mque informo o usuario &amp#27;[0m&amp#27;[32m&amp#27;[1m"admin@teste.com"&amp#27;[0m&amp#27;[32m e a senha &amp#27;[0m&amp#27;[32m&amp#27;[1m"teste"&amp#27;[0m  &amp#27;[90m# steps.LoginSteps.que_informo_o_usuario_e_a_senha(java.lang.String,java.lang.String)&amp#27;[0m
  &amp#27;[32mQuando &amp#27;[0m&amp#27;[32mclico no botão entrar&amp#27;[0m                                    &amp#27;[90m# steps.LoginSteps.clico_no_botao_entrar()&amp#27;[0m
  &amp#27;[32mEntão &amp#27;[0m&amp#27;[32msistema apresentará uma mensagem de &amp#27;[0m&amp#27;[32m&amp#27;[1m"Login bem-sucedido!"&amp#27;[0m &amp#27;[90m# steps.LoginSteps.sistema_apresentara_uma_mensagem(java.lang.String)&amp#27;[0m
]]></system-out>
  </testcase>
  <testcase name="Example #1.2" classname="Exemplos" time="5.614">
    <system-out><![CDATA[
Esquema do Cenário: Realizar login na pagina RCremonez                  &amp#27;[90m# features/Login.feature:14&amp#27;[0m
  &amp#27;[32mDado &amp#27;[0m&amp#27;[32mque informo o usuario &amp#27;[0m&amp#27;[32m&amp#27;[1m""&amp#27;[0m&amp#27;[32m e a senha &amp#27;[0m&amp#27;[32m&amp#27;[1m""&amp#27;[0m                            &amp#27;[90m# steps.LoginSteps.que_informo_o_usuario_e_a_senha(java.lang.String,java.lang.String)&amp#27;[0m
  &amp#27;[32mQuando &amp#27;[0m&amp#27;[32mclico no botão entrar&amp#27;[0m                                          &amp#27;[90m# steps.LoginSteps.clico_no_botao_entrar()&amp#27;[0m
  &amp#27;[32mEntão &amp#27;[0m&amp#27;[32msistema apresentará uma mensagem de &amp#27;[0m&amp#27;[32m&amp#27;[1m"Preencha todos os campos."&amp#27;[0m &amp#27;[90m# steps.LoginSteps.sistema_apresentara_uma_mensagem(java.lang.String)&amp#27;[0m
]]></system-out>
  </testcase>
  <testcase name="Example #1.3" classname="Exemplos" time="6.158">
    <system-out><![CDATA[
Esquema do Cenário: Realizar login na pagina RCremonez         &amp#27;[90m# features/Login.feature:15&amp#27;[0m
  &amp#27;[32mDado &amp#27;[0m&amp#27;[32mque informo o usuario &amp#27;[0m&amp#27;[32m&amp#27;[1m"admin"&amp#27;[0m&amp#27;[32m e a senha &amp#27;[0m&amp#27;[32m&amp#27;[1m"teste"&amp#27;[0m         &amp#27;[90m# steps.LoginSteps.que_informo_o_usuario_e_a_senha(java.lang.String,java.lang.String)&amp#27;[0m
  &amp#27;[32mQuando &amp#27;[0m&amp#27;[32mclico no botão entrar&amp#27;[0m                                 &amp#27;[90m# steps.LoginSteps.clico_no_botao_entrar()&amp#27;[0m
  &amp#27;[32mEntão &amp#27;[0m&amp#27;[32msistema apresentará uma mensagem de &amp#27;[0m&amp#27;[32m&amp#27;[1m"Usuário inválido"&amp#27;[0m &amp#27;[90m# steps.LoginSteps.sistema_apresentara_uma_mensagem(java.lang.String)&amp#27;[0m
]]></system-out>
  </testcase>
  <testcase name="Example #1.4" classname="Exemplos" time="6.124">
    <system-out><![CDATA[
Esquema do Cenário: Realizar login na pagina RCremonez           &amp#27;[90m# features/Login.feature:16&amp#27;[0m
  &amp#27;[32mDado &amp#27;[0m&amp#27;[32mque informo o usuario &amp#27;[0m&amp#27;[32m&amp#27;[1m"teste@teste.com"&amp#27;[0m&amp#27;[32m e a senha &amp#27;[0m&amp#27;[32m&amp#27;[1m"teste"&amp#27;[0m &amp#27;[90m# steps.LoginSteps.que_informo_o_usuario_e_a_senha(java.lang.String,java.lang.String)&amp#27;[0m
  &amp#27;[32mQuando &amp#27;[0m&amp#27;[32mclico no botão entrar&amp#27;[0m                                   &amp#27;[90m# steps.LoginSteps.clico_no_botao_entrar()&amp#27;[0m
  &amp#27;[32mEntão &amp#27;[0m&amp#27;[32msistema apresentará uma mensagem de &amp#27;[0m&amp#27;[32m&amp#27;[1m"Usuário inválido"&amp#27;[0m   &amp#27;[90m# steps.LoginSteps.sistema_apresentara_uma_mensagem(java.lang.String)&amp#27;[0m
]]></system-out>
  </testcase>
  <testcase name="Example #1.5" classname="Exemplos" time="5.373">
    <system-out><![CDATA[
Esquema do Cenário: Realizar login na pagina RCremonez                   &amp#27;[90m# features/Login.feature:17&amp#27;[0m
  &amp#27;[32mDado &amp#27;[0m&amp#27;[32mque informo o usuario &amp#27;[0m&amp#27;[32m&amp#27;[1m"admin@teste.com"&amp#27;[0m&amp#27;[32m e a senha &amp#27;[0m&amp#27;[32m&amp#27;[1m"test"&amp#27;[0m          &amp#27;[90m# steps.LoginSteps.que_informo_o_usuario_e_a_senha(java.lang.String,java.lang.String)&amp#27;[0m
  &amp#27;[32mQuando &amp#27;[0m&amp#27;[32mclico no botão entrar&amp#27;[0m                                           &amp#27;[90m# steps.LoginSteps.clico_no_botao_entrar()&amp#27;[0m
  &amp#27;[32mEntão &amp#27;[0m&amp#27;[32msistema apresentará uma mensagem de &amp#27;[0m&amp#27;[32m&amp#27;[1m"Usuário ou senha inválido."&amp#27;[0m &amp#27;[90m# steps.LoginSteps.sistema_apresentara_uma_mensagem(java.lang.String)&amp#27;[0m
]]></system-out>
  </testcase>
  <testcase name="Example #1.6" classname="Exemplos" time="5.502">
    <failure message="Mensagem esperada: &apos;Falha Proposital&apos; Mensagem encontrada: &apos;Usuário inválido&apos;" type="java.lang.AssertionError"><![CDATA[java.lang.AssertionError: Mensagem esperada: 'Falha Proposital' Mensagem encontrada: 'Usuário inválido'
	at page.LoginPage.ValidaMensagem(LoginPage.java:36)
	at steps.LoginSteps.sistema_apresentara_uma_mensagem(LoginSteps.java:53)
	at ✽.sistema apresentará uma mensagem de "Falha Proposital"(classpath:features/Login.feature:10)
]]></failure>
    <system-out><![CDATA[
Esquema do Cenário: Realizar login na pagina RCremonez         &amp#27;[90m# features/Login.feature:18&amp#27;[0m
  &amp#27;[32mDado &amp#27;[0m&amp#27;[32mque informo o usuario &amp#27;[0m&amp#27;[32m&amp#27;[1m"."&amp#27;[0m&amp#27;[32m e a senha &amp#27;[0m&amp#27;[32m&amp#27;[1m"."&amp#27;[0m                 &amp#27;[90m# steps.LoginSteps.que_informo_o_usuario_e_a_senha(java.lang.String,java.lang.String)&amp#27;[0m
  &amp#27;[32mQuando &amp#27;[0m&amp#27;[32mclico no botão entrar&amp#27;[0m                                 &amp#27;[90m# steps.LoginSteps.clico_no_botao_entrar()&amp#27;[0m
  &amp#27;[31mEntão &amp#27;[0m&amp#27;[31msistema apresentará uma mensagem de &amp#27;[0m&amp#27;[31m&amp#27;[1m"Falha Proposital"&amp#27;[0m &amp#27;[90m# steps.LoginSteps.sistema_apresentara_uma_mensagem(java.lang.String)&amp#27;[0m
      &amp#27;[31mjava.lang.AssertionError: Mensagem esperada: 'Falha Proposital' Mensagem encontrada: 'Usuário inválido'
	at page.LoginPage.ValidaMensagem(LoginPage.java:36)
	at steps.LoginSteps.sistema_apresentara_uma_mensagem(LoginSteps.java:53)
	at ✽.sistema apresentará uma mensagem de "Falha Proposital"(classpath:features/Login.feature:10)
&amp#27;[0m
]]></system-out>
  </testcase>
</testsuite>